::1 - 2024-12-24 16:50:42 - Error Page Not Found in C:\Apache24\htdocs\wise\src\core\Router.php on line 81 /index.php
::1 - 2024-12-24 17:44:39 - Error Page Not Found in C:\Apache24\htdocs\wise\src\core\Router.php on line 81 /images/pic-1.jpg
::1 - 2024-12-24 17:44:40 - Error Page Not Found in C:\Apache24\htdocs\wise\src\core\Router.php on line 81 /images/pic-1.jpg
::1 - 2024-12-24 17:45:44 - Error Page Not Found in C:\Apache24\htdocs\wise\src\core\Router.php on line 81 /images/pic-1.jpg
::1 - 2024-12-24 17:45:44 - Error Page Not Found in C:\Apache24\htdocs\wise\src\core\Router.php on line 81 /images/pic-1.jpg
::1 - 2024-12-24 17:45:46 - Error Page Not Found in C:\Apache24\htdocs\wise\src\core\Router.php on line 81 /images/pic-1.jpg
::1 - 2024-12-24 17:45:47 - Error Page Not Found in C:\Apache24\htdocs\wise\src\core\Router.php on line 81 /images/pic-1.jpg
::1 - 2024-12-24 17:46:20 - Error Page Not Found in C:\Apache24\htdocs\wise\src\core\Router.php on line 81 /images/pic-1.jpg
::1 - 2024-12-24 17:46:21 - Error Page Not Found in C:\Apache24\htdocs\wise\src\core\Router.php on line 81 /images/pic-1.jpg
::1 - 2024-12-24 17:48:52 - Error Page Not Found in C:\Apache24\htdocs\wise\src\core\Router.php on line 81 /images/pic-1.jpg
::1 - 2024-12-24 17:48:52 - Error Page Not Found in C:\Apache24\htdocs\wise\src\core\Router.php on line 81 /images/pic-1.jpg
::1 - 2024-12-24 17:50:01 - Error Page Not Found in C:\Apache24\htdocs\wise\src\core\Router.php on line 81 /home.html
::1 - 2024-12-24 17:50:01 - Error Page Not Found in C:\Apache24\htdocs\wise\src\core\Router.php on line 81 /images/pic-1.jpg
::1 - 2024-12-24 17:50:01 - Error Page Not Found in C:\Apache24\htdocs\wise\src\core\Router.php on line 81 /images/pic-1.jpg
::1 - 2024-12-24 17:53:30 - Error Page Not Found in C:\Apache24\htdocs\wise\src\core\Router.php on line 81 /home.html
::1 - 2024-12-24 17:53:31 - Error Page Not Found in C:\Apache24\htdocs\wise\src\core\Router.php on line 81 /images/pic-1.jpg
::1 - 2024-12-24 17:53:31 - Error Page Not Found in C:\Apache24\htdocs\wise\src\core\Router.php on line 81 /images/pic-1.jpg
::1 - 2024-12-24 17:53:33 - Error Page Not Found in C:\Apache24\htdocs\wise\src\core\Router.php on line 81 /home.html
::1 - 2024-12-24 17:53:33 - Error Page Not Found in C:\Apache24\htdocs\wise\src\core\Router.php on line 81 /images/pic-1.jpg
::1 - 2024-12-24 17:53:34 - Error Page Not Found in C:\Apache24\htdocs\wise\src\core\Router.php on line 81 /images/pic-1.jpg
::1 - 2024-12-24 17:53:36 - Error Page Not Found in C:\Apache24\htdocs\wise\src\core\Router.php on line 81 /home.html
::1 - 2024-12-24 17:53:36 - Error Page Not Found in C:\Apache24\htdocs\wise\src\core\Router.php on line 81 /images/pic-1.jpg
::1 - 2024-12-24 17:53:36 - Error Page Not Found in C:\Apache24\htdocs\wise\src\core\Router.php on line 81 /images/pic-1.jpg
::1 - 2024-12-24 17:54:28 - Error Page Not Found in C:\Apache24\htdocs\wise\src\core\Router.php on line 81 /home.html
::1 - 2024-12-24 17:54:35 - Error Page Not Found in C:\Apache24\htdocs\wise\src\core\Router.php on line 81 /images/pic-1.jpg
::1 - 2024-12-24 17:54:36 - Error Page Not Found in C:\Apache24\htdocs\wise\src\core\Router.php on line 81 /images/images/pic-1.jpg
::1 - 2024-12-24 17:54:36 - Error Page Not Found in C:\Apache24\htdocs\wise\src\core\Router.php on line 81 /images/images/pic-1.jpg
::1 - 2024-12-24 17:55:09 - Error Page Not Found in C:\Apache24\htdocs\wise\src\core\Router.php on line 81 /home.html
::1 - 2024-12-24 18:40:41 - Error Page Not Found in C:\Apache24\htdocs\wise\src\core\Router.php on line 81 /about.html
::1 - 2024-12-24 18:40:42 - Error Page Not Found in C:\Apache24\htdocs\wise\src\core\Router.php on line 81 /teachers.html
::1 - 2024-12-24 18:40:44 - Error Page Not Found in C:\Apache24\htdocs\wise\src\core\Router.php on line 81 /contact.html
::1 - 2024-12-24 18:40:46 - Error Page Not Found in C:\Apache24\htdocs\wise\src\core\Router.php on line 81 /home.html
::1 - 2024-12-24 18:40:58 - Error Page Not Found in C:\Apache24\htdocs\wise\src\core\Router.php on line 81 /profile.html
::1 - 2024-12-24 18:42:44 - Error Page Not Found in C:\Apache24\htdocs\wise\src\core\Router.php on line 81 /profile.html
::1 - 2024-12-24 18:42:46 - Error Page Not Found in C:\Apache24\htdocs\wise\src\core\Router.php on line 81 /profile.html
::1 - 2024-12-24 18:42:48 - Error Page Not Found in C:\Apache24\htdocs\wise\src\core\Router.php on line 81 /home.html
::1 - 2024-12-24 18:43:02 - Error Page Not Found in C:\Apache24\htdocs\wise\src\core\Router.php on line 81 /home.html
::1 - 2024-12-24 21:23:02 - Error Page Not Found in C:\Apache24\htdocs\wise\src\core\Router.php on line 81 /home.html
::1 - 2024-12-24 21:25:13 - Error Page Not Found in C:\Apache24\htdocs\wise\src\core\Router.php on line 81 /home.html
::1 - 2024-12-24 21:25:15 - Error Page Not Found in C:\Apache24\htdocs\wise\src\core\Router.php on line 81 /home.html
::1 - 2024-12-24 21:25:16 - Error Page Not Found in C:\Apache24\htdocs\wise\src\core\Router.php on line 81 /about.html
::1 - 2024-12-24 21:25:17 - Error Page Not Found in C:\Apache24\htdocs\wise\src\core\Router.php on line 81 /teachers.html
::1 - 2024-12-24 21:25:17 - Error Page Not Found in C:\Apache24\htdocs\wise\src\core\Router.php on line 81 /contact.html
::1 - 2024-12-24 21:25:18 - Error Page Not Found in C:\Apache24\htdocs\wise\src\core\Router.php on line 81 /home.html
::1 - 2024-12-24 21:25:19 - Error Page Not Found in C:\Apache24\htdocs\wise\src\core\Router.php on line 81 /about.html
::1 - 2024-12-24 21:25:19 - Error Page Not Found in C:\Apache24\htdocs\wise\src\core\Router.php on line 81 /home.html
::1 - 2024-12-24 21:25:57 - Error Page Not Found in C:\Apache24\htdocs\wise\src\core\Router.php on line 81 /home.html
::1 - 2024-12-24 21:26:01 - Error Page Not Found in C:\Apache24\htdocs\wise\src\core\Router.php on line 81 /home.html
::1 - 2024-12-24 21:26:02 - Error Page Not Found in C:\Apache24\htdocs\wise\src\core\Router.php on line 81 /about.html
::1 - 2024-12-24 21:26:03 - Error Page Not Found in C:\Apache24\htdocs\wise\src\core\Router.php on line 81 /home.html
::1 - 2024-12-24 21:26:04 - Error Page Not Found in C:\Apache24\htdocs\wise\src\core\Router.php on line 81 /home.html
::1 - 2024-12-24 21:26:05 - Error Page Not Found in C:\Apache24\htdocs\wise\src\core\Router.php on line 81 /about.html
::1 - 2024-12-24 21:26:05 - Error Page Not Found in C:\Apache24\htdocs\wise\src\core\Router.php on line 81 /teachers.html
::1 - 2024-12-24 21:26:06 - Error Page Not Found in C:\Apache24\htdocs\wise\src\core\Router.php on line 81 /contact.html
::1 - 2024-12-24 21:26:06 - Error Page Not Found in C:\Apache24\htdocs\wise\src\core\Router.php on line 81 /home.html
::1 - 2024-12-24 21:26:15 - Error Page Not Found in C:\Apache24\htdocs\wise\src\core\Router.php on line 81 /home.html
::1 - 2024-12-24 21:31:26 - Error Page Not Found in C:\Apache24\htdocs\wise\src\core\Router.php on line 81 /home.html
::1 - 2024-12-24 21:31:28 - Error Page Not Found in C:\Apache24\htdocs\wise\src\core\Router.php on line 81 /home.html
::1 - 2024-12-24 21:31:28 - Error Page Not Found in C:\Apache24\htdocs\wise\src\core\Router.php on line 81 /about.html
::1 - 2024-12-24 21:31:29 - Error Page Not Found in C:\Apache24\htdocs\wise\src\core\Router.php on line 81 /teachers.html
::1 - 2024-12-24 21:31:29 - Error Page Not Found in C:\Apache24\htdocs\wise\src\core\Router.php on line 81 /contact.html
::1 - 2024-12-24 21:31:30 - Error Page Not Found in C:\Apache24\htdocs\wise\src\core\Router.php on line 81 /teachers.html
::1 - 2024-12-24 21:31:30 - Error Page Not Found in C:\Apache24\htdocs\wise\src\core\Router.php on line 81 /home.html
::1 - 2024-12-24 21:31:31 - Error Page Not Found in C:\Apache24\htdocs\wise\src\core\Router.php on line 81 /teachers.html
::1 - 2024-12-24 21:31:32 - Error Page Not Found in C:\Apache24\htdocs\wise\src\core\Router.php on line 81 /home.html
::1 - 2024-12-24 21:34:58 - Error Page Not Found in C:\Apache24\htdocs\wise\src\core\Router.php on line 81 /home.html
::1 - 2024-12-24 21:35:33 - Error Page Not Found in C:\Apache24\htdocs\wise\src\core\Router.php on line 81 /home.tpl.php
::1 - 2024-12-24 21:35:43 - Error Page Not Found in C:\Apache24\htdocs\wise\src\core\Router.php on line 81 /about.html
::1 - 2024-12-24 21:35:44 - Error Page Not Found in C:\Apache24\htdocs\wise\src\core\Router.php on line 81 /home.html
::1 - 2024-12-24 23:08:26 - Error Page Not Found in C:\Apache24\htdocs\wise\src\core\Router.php on line 81 /home.html
::1 - 2024-12-24 23:08:28 - Error Page Not Found in C:\Apache24\htdocs\wise\src\core\Router.php on line 81 /home.html
::1 - 2024-12-24 23:08:29 - Error Page Not Found in C:\Apache24\htdocs\wise\src\core\Router.php on line 81 /about.html
::1 - 2024-12-24 23:08:29 - Error Page Not Found in C:\Apache24\htdocs\wise\src\core\Router.php on line 81 /teachers.html
::1 - 2024-12-24 23:08:30 - Error Page Not Found in C:\Apache24\htdocs\wise\src\core\Router.php on line 81 /contact.html
::1 - 2024-12-24 23:08:31 - Error Page Not Found in C:\Apache24\htdocs\wise\src\core\Router.php on line 81 /home.html
::1 - 2024-12-25 14:58:05 - Error Page Not Found in C:\Apache24\htdocs\wise\src\core\Router.php on line 81 /wise/src/view/home/contact.tpl.php
::1 - 2024-12-25 14:58:05 - Error Page Not Found in C:\Apache24\htdocs\wise\src\core\Router.php on line 81 /wise/src/view/home/images/pic-1.jpg
::1 - 2024-12-25 14:58:05 - Error Page Not Found in C:\Apache24\htdocs\wise\src\core\Router.php on line 81 /wise/src/view/home/images/pic-1.jpg
::1 - 2024-12-25 14:58:20 - Error Page Not Found in C:\Apache24\htdocs\wise\src\core\Router.php on line 81 /wise/src/view/home/home.tpl.php
::1 - 2024-12-25 14:58:21 - Error Page Not Found in C:\Apache24\htdocs\wise\src\core\Router.php on line 81 /wise/src/view/home/images/pic-1.jpg
::1 - 2024-12-25 14:58:21 - Error Page Not Found in C:\Apache24\htdocs\wise\src\core\Router.php on line 81 /wise/src/view/home/images/pic-1.jpg
::1 - 2024-12-25 14:59:08 - Error Page Not Found in C:\Apache24\htdocs\wise\src\core\Router.php on line 81 /wise/src/view/home/home.tpl.php
::1 - 2024-12-25 14:59:08 - Error Page Not Found in C:\Apache24\htdocs\wise\src\core\Router.php on line 81 /wise/src/view/home/images/pic-1.jpg
::1 - 2024-12-25 14:59:08 - Error Page Not Found in C:\Apache24\htdocs\wise\src\core\Router.php on line 81 /wise/src/view/home/images/pic-1.jpg
::1 - 2024-12-25 15:32:49 - Error Page Not Found in C:\Apache24\htdocs\wise\src\core\Router.php on line 81 /home.html
::1 - 2024-12-25 15:32:50 - Error Page Not Found in C:\Apache24\htdocs\wise\src\core\Router.php on line 81 /about.html
::1 - 2024-12-25 15:32:50 - Error Page Not Found in C:\Apache24\htdocs\wise\src\core\Router.php on line 81 /teachers.html
::1 - 2024-12-25 15:32:51 - Error Page Not Found in C:\Apache24\htdocs\wise\src\core\Router.php on line 81 /contact.html
::1 - 2024-12-25 15:32:52 - Error Page Not Found in C:\Apache24\htdocs\wise\src\core\Router.php on line 81 /home.html
::1 - 2024-12-25 17:23:59 - Error Page Not Found in C:\Apache24\htdocs\wise\src\core\Router.php on line 81 /wise
::1 - 2024-12-25 17:24:42 - Error Page Not Found in C:\Apache24\htdocs\wise\src\core\Router.php on line 81 /wise/src/home/view/contact,tpl.php
::1 - 2024-12-25 17:24:42 - Error Page Not Found in C:\Apache24\htdocs\wise\src\core\Router.php on line 81 /wise/src/home/view/images/pic-1.jpg
::1 - 2024-12-25 17:24:42 - Error Page Not Found in C:\Apache24\htdocs\wise\src\core\Router.php on line 81 /wise/src/home/view/images/pic-1.jpg
::1 - 2024-12-25 17:26:10 - Error Page Not Found in C:\Apache24\htdocs\wise\src\core\Router.php on line 81 /contact.html
::1 - 2024-12-25 17:26:11 - Error Page Not Found in C:\Apache24\htdocs\wise\src\core\Router.php on line 81 /teachers.html
::1 - 2024-12-25 17:26:12 - Error Page Not Found in C:\Apache24\htdocs\wise\src\core\Router.php on line 81 /about.html
::1 - 2024-12-25 17:26:13 - Error Page Not Found in C:\Apache24\htdocs\wise\src\core\Router.php on line 81 /home.html
::1 - 2024-12-25 17:26:14 - Error Page Not Found in C:\Apache24\htdocs\wise\src\core\Router.php on line 81 /teachers.html
::1 - 2024-12-25 17:26:55 - Error Page Not Found in C:\Apache24\htdocs\wise\src\core\Router.php on line 81 /teachers.html
::1 - 2024-12-25 17:26:56 - Error Page Not Found in C:\Apache24\htdocs\wise\src\core\Router.php on line 81 /home.html
::1 - 2024-12-25 17:26:58 - Error Page Not Found in C:\Apache24\htdocs\wise\src\core\Router.php on line 81 /home.html
::1 - 2024-12-25 17:26:59 - Error Page Not Found in C:\Apache24\htdocs\wise\src\core\Router.php on line 81 /home.html
::1 - 2024-12-25 17:27:01 - Error Page Not Found in C:\Apache24\htdocs\wise\src\core\Router.php on line 81 /home.html
::1 - 2024-12-25 17:27:18 - Error Page Not Found in C:\Apache24\htdocs\wise\src\core\Router.php on line 81 /home.html
::1 - 2024-12-25 17:27:32 - Error Page Not Found in C:\Apache24\htdocs\wise\src\core\Router.php on line 81 /wise/src/home/view/contact.tpl.php
::1 - 2024-12-25 17:27:33 - Error Page Not Found in C:\Apache24\htdocs\wise\src\core\Router.php on line 81 /wise/src/home/view/images/pic-1.jpg
::1 - 2024-12-25 17:27:33 - Error Page Not Found in C:\Apache24\htdocs\wise\src\core\Router.php on line 81 /wise/src/home/view/images/pic-1.jpg
::1 - 2024-12-25 17:27:37 - Error Page Not Found in C:\Apache24\htdocs\wise\src\core\Router.php on line 81 /home.html
::1 - 2024-12-25 17:28:17 - Error Page Not Found in C:\Apache24\htdocs\wise\src\core\Router.php on line 81 /wise/view/home/home.html
::1 - 2024-12-25 17:28:17 - Error Page Not Found in C:\Apache24\htdocs\wise\src\core\Router.php on line 81 /wise/view/home/images/pic-1.jpg
::1 - 2024-12-25 17:28:17 - Error Page Not Found in C:\Apache24\htdocs\wise\src\core\Router.php on line 81 /wise/view/home/images/pic-1.jpg
::1 - 2024-12-25 17:32:17 - Error Page Not Found in C:\Apache24\htdocs\wise\src\core\Router.php on line 81 /contact.html
::1 - 2024-12-25 17:32:19 - Error Page Not Found in C:\Apache24\htdocs\wise\src\core\Router.php on line 81 /contact.html
::1 - 2024-12-25 17:32:21 - Error Page Not Found in C:\Apache24\htdocs\wise\src\core\Router.php on line 81 /wise/view/home/contact.html
::1 - 2024-12-25 17:32:21 - Error Page Not Found in C:\Apache24\htdocs\wise\src\core\Router.php on line 81 /wise/view/home/images/pic-1.jpg
::1 - 2024-12-25 17:32:22 - Error Page Not Found in C:\Apache24\htdocs\wise\src\core\Router.php on line 81 /wise/view/home/images/pic-1.jpg
::1 - 2024-12-25 17:32:25 - Error Page Not Found in C:\Apache24\htdocs\wise\src\core\Router.php on line 81 /contact.html
::1 - 2024-12-25 17:32:25 - Error Page Not Found in C:\Apache24\htdocs\wise\src\core\Router.php on line 81 /teachers.html
::1 - 2024-12-25 17:32:26 - Error Page Not Found in C:\Apache24\htdocs\wise\src\core\Router.php on line 81 /contact.html
::1 - 2024-12-25 17:40:07 - Error Page Not Found in C:\Apache24\htdocs\wise\src\core\Router.php on line 81 /contact.html
::1 - 2024-12-25 17:40:09 - Error Page Not Found in C:\Apache24\htdocs\wise\src\core\Router.php on line 81 /home.html
::1 - 2024-12-25 17:40:20 - Error Page Not Found in C:\Apache24\htdocs\wise\src\core\Router.php on line 81 /home.html
::1 - 2024-12-25 17:40:21 - Error Page Not Found in C:\Apache24\htdocs\wise\src\core\Router.php on line 81 /home.html
::1 - 2024-12-25 17:40:22 - Error Page Not Found in C:\Apache24\htdocs\wise\src\core\Router.php on line 81 /about.html
::1 - 2024-12-25 17:40:23 - Error Page Not Found in C:\Apache24\htdocs\wise\src\core\Router.php on line 81 /home.html
::1 - 2024-12-26 15:05:23 - Error Page Not Found in C:\Apache24\htdocs\wise\src\core\Router.php on line 81 /home.html
::1 - 2024-12-26 15:09:51 - Error Page Not Found in C:\Apache24\htdocs\wise\src\core\Router.php on line 81 /home.html
::1 - 2024-12-26 15:09:57 - Error Page Not Found in C:\Apache24\htdocs\wise\src\core\Router.php on line 81 /home.
::1 - 2024-12-26 15:12:41 - Error Page Not Found in C:\Apache24\htdocs\wise\src\core\Router.php on line 81 /home.html
::1 - 2024-12-26 15:12:44 - Error Page Not Found in C:\Apache24\htdocs\wise\src\core\Router.php on line 81 /about.html
::1 - 2024-12-26 15:12:45 - Error Page Not Found in C:\Apache24\htdocs\wise\src\core\Router.php on line 81 /home.html
::1 - 2024-12-26 15:14:15 - Error Page Not Found in C:\Apache24\htdocs\wise\src\core\Router.php on line 81 /home.html
::1 - 2024-12-26 15:14:18 - Error Page Not Found in C:\Apache24\htdocs\wise\src\core\Router.php on line 81 /teachers
::1 - 2024-12-26 15:14:20 - Error Page Not Found in C:\Apache24\htdocs\wise\src\core\Router.php on line 81 /contact
::1 - 2024-12-26 15:14:48 - Error Page Not Found in C:\Apache24\htdocs\wise\src\core\Router.php on line 81 /contact
::1 - 2024-12-26 15:14:49 - Error Page Not Found in C:\Apache24\htdocs\wise\src\core\Router.php on line 81 /teachers
::1 - 2024-12-26 15:17:29 - Error Page Not Found in C:\Apache24\htdocs\wise\src\core\Router.php on line 81 /teachers
::1 - 2024-12-26 15:35:01 - Error Page Not Found in C:\Apache24\htdocs\wise\src\core\Router.php on line 81 /teachers
::1 - 2024-12-26 15:35:05 - Error Page Not Found in C:\Apache24\htdocs\wise\src\core\Router.php on line 81 /contact.html
::1 - 2024-12-26 15:35:08 - Error Page Not Found in C:\Apache24\htdocs\wise\src\core\Router.php on line 81 /contact.html
::1 - 2024-12-26 15:40:02 - Error Page Not Found in C:\Apache24\htdocs\wise\src\core\Router.php on line 81 /teachers
::1 - 2024-12-26 15:40:05 - Error Page Not Found in C:\Apache24\htdocs\wise\src\core\Router.php on line 81 /teachers
::1 - 2024-12-26 15:42:00 - Error Page Not Found in C:\Apache24\htdocs\wise\src\core\Router.php on line 81 /assets-owned
::1 - 2024-12-26 15:42:04 - Error Page Not Found in C:\Apache24\htdocs\wise\src\core\Router.php on line 81 /assets-owned
::1 - 2024-12-26 16:36:51 - Error Page Not Found in C:\Apache24\htdocs\wise\src\core\Router.php on line 81 /teachers
::1 - 2024-12-26 16:36:54 - Error Page Not Found in C:\Apache24\htdocs\wise\src\core\Router.php on line 81 /teachers
::1 - 2024-12-26 20:27:09 - Error Page Not Found in C:\Apache24\htdocs\wise\src\core\Router.php on line 81 /home.html
::1 - 2024-12-26 20:36:17 - Error Page Not Found in C:\Apache24\htdocs\wise\src\core\Router.php on line 81 /connext
::1 - 2024-12-26 23:19:09 - Error Page Not Found in C:\Apache24\htdocs\wise\src\core\Router.php on line 81 /connect2
::1 - 2024-12-26 23:19:18 - Error Page Not Found in C:\Apache24\htdocs\wise\src\core\Router.php on line 81 /connect2
::1 - 2024-12-26 23:19:20 - Error Page Not Found in C:\Apache24\htdocs\wise\src\core\Router.php on line 81 /connect2
::1 - 2024-12-26 23:19:41 - Error Page Not Found in C:\Apache24\htdocs\wise\src\core\Router.php on line 81 /connect2
::1 - 2024-12-26 23:19:52 - Error Page Not Found in C:\Apache24\htdocs\wise\src\core\Router.php on line 81 /connect2
::1 - 2024-12-27 00:50:02 - Error Page Not Found in C:\Apache24\htdocs\wise\src\core\Router.php on line 81 /employee
::1 - 2024-12-27 00:50:17 - Error Page Not Found in C:\Apache24\htdocs\wise\src\core\Router.php on line 81 /employee
::1 - 2024-12-27 00:50:25 - Error Page Not Found in C:\Apache24\htdocs\wise\src\core\Router.php on line 81 /employee
::1 - 2024-12-27 00:50:26 - Error Page Not Found in C:\Apache24\htdocs\wise\src\core\Router.php on line 81 /employee
::1 - 2024-12-27 00:50:26 - Error Page Not Found in C:\Apache24\htdocs\wise\src\core\Router.php on line 81 /employee
::1 - 2024-12-27 00:50:26 - Error Page Not Found in C:\Apache24\htdocs\wise\src\core\Router.php on line 81 /employee
::1 - 2024-12-27 00:50:27 - Error Page Not Found in C:\Apache24\htdocs\wise\src\core\Router.php on line 81 /employee
::1 - 2024-12-27 00:50:27 - Error Page Not Found in C:\Apache24\htdocs\wise\src\core\Router.php on line 81 /employee
::1 - 2024-12-27 00:50:27 - Error Page Not Found in C:\Apache24\htdocs\wise\src\core\Router.php on line 81 /employee
::1 - 2024-12-27 00:50:34 - Error Page Not Found in C:\Apache24\htdocs\wise\src\core\Router.php on line 81 /teachers
::1 - 2024-12-27 00:50:48 - Error Page Not Found in C:\Apache24\htdocs\wise\src\core\Router.php on line 81 /teachers
::1 - 2024-12-27 00:50:49 - Error Page Not Found in C:\Apache24\htdocs\wise\src\core\Router.php on line 81 /employee
::1 - 2024-12-27 00:50:52 - Error Page Not Found in C:\Apache24\htdocs\wise\src\core\Router.php on line 81 /employee
::1 - 2024-12-27 00:53:06 - Error Page Not Found in C:\Apache24\htdocs\wise\src\core\Router.php on line 81 /employee
::1 - 2024-12-27 00:53:29 - Error Page Not Found in C:\Apache24\htdocs\wise\src\core\Router.php on line 81 /employee.tpl.php
::1 - 2024-12-27 00:53:35 - Error Page Not Found in C:\Apache24\htdocs\wise\src\core\Router.php on line 81 /employee
::1 - 2024-12-27 01:01:18 - Error Page Not Found in C:\Apache24\htdocs\wise\src\core\Router.php on line 81 /employee
::1 - 2024-12-27 01:02:05 - Error Page Not Found in C:\Apache24\htdocs\wise\src\core\Router.php on line 81 /employee
::1 - 2024-12-27 01:13:11 - Error Page Not Found in C:\Apache24\htdocs\wise\src\core\Router.php on line 81 /employee
::1 - 2024-12-27 01:13:11 - Error Page Not Found in C:\Apache24\htdocs\wise\src\core\Router.php on line 81 /employee
::1 - 2024-12-27 17:17:45 - Error Page Not Found in C:\Apache24\htdocs\wise\src\core\Router.php on line 81 /teachers
::1 - 2024-12-27 17:18:55 - Error Page Not Found in C:\Apache24\htdocs\wise\src\core\Router.php on line 81 /teachers
::1 - 2024-12-27 17:21:33 - Error Page Not Found in C:\Apache24\htdocs\wise\src\core\Router.php on line 81 /watch-video
::1 - 2024-12-27 17:21:40 - Error Page Not Found in C:\Apache24\htdocs\wise\src\core\Router.php on line 81 /watch-video
::1 - 2024-12-27 17:24:37 - Error Page Not Found in C:\Apache24\htdocs\wise\src\core\Router.php on line 81 /learnmore
::1 - 2024-12-27 17:26:03 - Error Page Not Found in C:\Apache24\htdocs\wise\src\core\Router.php on line 81 /teachers
::1 - 2024-12-27 17:35:58 - Error Page Not Found in C:\Apache24\htdocs\wise\src\core\Router.php on line 81 /learnmore
::1 - 2024-12-27 17:36:02 - Error Page Not Found in C:\Apache24\htdocs\wise\src\core\Router.php on line 81 /teachers
::1 - 2024-12-27 17:37:11 - Error Page Not Found in C:\Apache24\htdocs\wise\src\core\Router.php on line 81 /learnmore
::1 - 2024-12-27 17:37:14 - Error Page Not Found in C:\Apache24\htdocs\wise\src\core\Router.php on line 81 /learnmore
::1 - 2024-12-27 17:37:22 - Error Page Not Found in C:\Apache24\htdocs\wise\src\core\Router.php on line 81 /learn-more
::1 - 2024-12-27 17:37:49 - Error Page Not Found in C:\Apache24\htdocs\wise\src\core\Router.php on line 81 /teachers
::1 - 2024-12-27 17:37:52 - Error Page Not Found in C:\Apache24\htdocs\wise\src\core\Router.php on line 81 /teachers
::1 - 2024-12-27 17:37:56 - Error Page Not Found in C:\Apache24\htdocs\wise\src\core\Router.php on line 81 /teachers
::1 - 2024-12-27 17:38:13 - Error Page Not Found in C:\Apache24\htdocs\wise\src\core\Router.php on line 81 /teachers
::1 - 2024-12-27 17:38:15 - Error Page Not Found in C:\Apache24\htdocs\wise\src\core\Router.php on line 81 /teachers
::1 - 2024-12-27 17:38:17 - Error Page Not Found in C:\Apache24\htdocs\wise\src\core\Router.php on line 81 /learn-more
::1 - 2024-12-27 17:40:05 - Error Page Not Found in C:\Apache24\htdocs\wise\src\core\Router.php on line 81 /learn-more
::1 - 2024-12-27 17:40:22 - Error Page Not Found in C:\Apache24\htdocs\wise\src\core\Router.php on line 81 /learn-more
::1 - 2024-12-27 17:43:10 - Error Page Not Found in C:\Apache24\htdocs\wise\src\core\Router.php on line 81 /learn-more
::1 - 2024-12-27 19:38:16 - Error Page Not Found in C:\Apache24\htdocs\wise\src\core\Router.php on line 81 /learn-more
::1 - 2024-12-27 19:38:22 - Error Page Not Found in C:\Apache24\htdocs\wise\src\core\Router.php on line 81 /learn-more
::1 - 2024-12-27 19:38:32 - Error Page Not Found in C:\Apache24\htdocs\wise\src\core\Router.php on line 81 /learn-more
::1 - 2024-12-27 19:54:11 - Error Page Not Found in C:\Apache24\htdocs\wise\src\core\Router.php on line 81 /learn-more
::1 - 2024-12-27 19:54:22 - Error Page Not Found in C:\Apache24\htdocs\wise\src\core\Router.php on line 81 /update-profile
::1 - 2024-12-27 19:55:43 - Error Page Not Found in C:\Apache24\htdocs\wise\src\core\Router.php on line 81 /updateprofile
::1 - 2024-12-28 10:26:26 - Error Page Not Found in C:\Apache24\htdocs\wise\src\core\Router.php on line 81 /learn-more
::1 - 2024-12-28 11:36:22 - Error Page Not Found in C:\Apache24\htdocs\wise\src\core\Router.php on line 81 /phpmyadmin
::1 - 2024-12-28 11:36:47 - Error Page Not Found in C:\Apache24\htdocs\wise\src\core\Router.php on line 81 /phpmyadmin/
::1 - 2024-12-28 11:36:48 - Error Page Not Found in C:\Apache24\htdocs\wise\src\core\Router.php on line 81 /phpmyadmin/images/pic-1.jpg
::1 - 2024-12-28 11:36:48 - Error Page Not Found in C:\Apache24\htdocs\wise\src\core\Router.php on line 81 /phpmyadmin/images/pic-1.jpg
::1 - 2024-12-28 11:36:54 - Error Page Not Found in C:\Apache24\htdocs\wise\src\core\Router.php on line 81 /phpmyadmin
::1 - 2024-12-28 12:39:15 - Error Page Not Found in C:\Apache24\htdocs\wise\src\core\Router.php on line 81 /test
::1 - 2024-12-28 12:44:23 - Error Page Not Found in C:\Apache24\htdocs\wise\src\core\Router.php on line 81 /%7B%7B%20url('testt')%20%7D%7D
::1 - 2024-12-28 12:44:40 - Error Page Not Found in C:\Apache24\htdocs\wise\src\core\Router.php on line 81 /%7B%7B%20url('testt')%20%7D%7D
::1 - 2024-12-28 12:45:06 - Error Page Not Found in C:\Apache24\htdocs\wise\src\core\Router.php on line 81 /%7B%7B%20url('testtt')%20%7D%7D
::1 - 2024-12-28 12:47:16 - Error Page Not Found in C:\Apache24\htdocs\wise\src\core\Router.php on line 81 /%7B%7B%20url('testtt')%20%7D%7D
::1 - 2024-12-28 12:47:24 - Error Page Not Found in C:\Apache24\htdocs\wise\src\core\Router.php on line 81 /%7B%7B%20url('testtt')%20%7D%7D
::1 - 2024-12-28 13:02:55 - Error Page Not Found in C:\Apache24\htdocs\wise\src\core\Router.php on line 81 /%7B%7Burl('connectt')%7D%7D
::1 - 2024-12-28 13:07:14 - Error Page Not Found in C:\Apache24\htdocs\wise\src\core\Router.php on line 81 /%7B%7Burl('connectt')%7D%7D
::1 - 2024-12-28 13:11:35 - Error Page Not Found in C:\Apache24\htdocs\wise\src\core\Router.php on line 81 /%7B%7Burl('connectt')%7D%7D
::1 - 2024-12-28 13:19:31 - Error Page Not Found in C:\Apache24\htdocs\wise\src\core\Router.php on line 81 /%7B%7Burl('connectt')%7D%7D
::1 - 2024-12-28 17:26:30 - Error Page Not Found in C:\Apache24\htdocs\wise\src\core\Router.php on line 81 /%7B%7Burl('connectt')%7D%7D
::1 - 2024-12-28 17:41:30 - Error Page Not Found in C:\Apache24\htdocs\wise\src\core\Router.php on line 81 /phpmyadmin
::1 - 2024-12-28 17:42:22 - Error Page Not Found in C:\Apache24\htdocs\wise\src\core\Router.php on line 81 /%7B%7Burl('connectt')%7D%7D
::1 - 2024-12-28 17:42:26 - Error Page Not Found in C:\Apache24\htdocs\wise\src\core\Router.php on line 81 /%7B%7Burl('connectt')%7D%7D
::1 - 2024-12-28 17:43:12 - Error Page Not Found in C:\Apache24\htdocs\wise\src\core\Router.php on line 81 /%7B%7Burl('connectt')%7D%7D
::1 - 2024-12-28 17:47:13 - Error Page Not Found in C:\Apache24\htdocs\wise\src\core\Router.php on line 81 /
::1 - 2024-12-28 17:47:19 - Error Page Not Found in C:\Apache24\htdocs\wise\src\core\Router.php on line 81 /
::1 - 2024-12-28 17:48:52 - Error Page Not Found in C:\Apache24\htdocs\wise\src\core\Router.php on line 81 /employee
::1 - 2024-12-28 18:31:22 - Error Page Not Found in C:\Apache24\htdocs\wise\src\core\Router.php on line 81 /testt
::1 - 2024-12-28 19:08:22 - Error Page Not Found in C:\Apache24\htdocs\wise\src\core\Router.php on line 81 /watch-video
